2026-07-16 23:26:11.134 [main] INFO  com.library.book_manager.BookManagerApplication - Starting BookManagerApplication using Java 17.0.14 with PID 5844 (F:\Java Full Stack  projects\Spring Boot projects\book-manager\book-manager\target\classes started by VIKASH in F:\Java Full Stack  projects\Spring Boot projects\book-manager\book-manager)
2026-07-16 23:26:11.137 [main] INFO  com.library.book_manager.BookManagerApplication - No active profile set, falling back to 1 default profile: "default"
2026-07-16 23:26:11.801 [main] INFO  o.s.d.r.config.RepositoryConfigurationDelegate - Bootstrapping Spring Data JPA repositories in DEFAULT mode.
2026-07-16 23:26:11.876 [main] INFO  o.s.d.r.config.RepositoryConfigurationDelegate - Finished Spring Data repository scanning in 60 ms. Found 1 JPA repository interface.
2026-07-16 23:26:12.548 [main] INFO  org.springframework.boot.tomcat.TomcatWebServer - Tomcat initialized with port 8080 (http)
2026-07-16 23:26:12.565 [main] INFO  org.apache.catalina.core.StandardService - Starting service [Tomcat]
2026-07-16 23:26:12.565 [main] INFO  org.apache.catalina.core.StandardEngine - Starting Servlet engine: [Apache Tomcat/11.0.22]
2026-07-16 23:26:12.621 [main] INFO  o.s.b.w.c.servlet.WebApplicationContextInitializer - Root WebApplicationContext: initialization completed in 1430 ms
2026-07-16 23:26:12.861 [main] INFO  org.hibernate.orm.jpa - HHH008540: Processing PersistenceUnitInfo [name: default]
2026-07-16 23:26:12.947 [main] INFO  org.hibernate.orm.core - HHH000001: Hibernate ORM core version 7.4.1.Final
2026-07-16 23:26:13.474 [main] INFO  o.s.o.j.persistenceunit.SpringPersistenceUnitInfo - No LoadTimeWeaver setup: ignoring JPA class transformer
2026-07-16 23:26:13.520 [main] INFO  com.zaxxer.hikari.HikariDataSource - HikariPool-1 - Starting...
2026-07-16 23:26:13.698 [main] INFO  com.zaxxer.hikari.pool.HikariPool - HikariPool-1 - Added connection conn0: url=jdbc:h2:mem:bookdb user=SA
2026-07-16 23:26:13.700 [main] INFO  com.zaxxer.hikari.HikariDataSource - HikariPool-1 - Start completed.
2026-07-16 23:26:13.767 [main] INFO  org.hibernate.orm.connections.pooling - HHH10001005: Database info:
	Database JDBC URL [jdbc:h2:mem:bookdb]
	Database driver: H2 JDBC Driver
	Database dialect: H2Dialect
	Database version: 2.4.240
	Default catalog/schema: BOOKDB/PUBLIC
	Autocommit mode: undefined/unknown
	Isolation level: READ_COMMITTED [default READ_COMMITTED]
	JDBC fetch size: 100
	Pool: DataSourceConnectionProvider
	Minimum pool size: undefined/unknown
	Maximum pool size: undefined/unknown
2026-07-16 23:26:14.591 [main] INFO  org.hibernate.orm.core - HHH000489: No JTA platform available (set 'hibernate.transaction.jta.platform' to enable JTA platform integration)
2026-07-16 23:26:14.645 [main] DEBUG org.hibernate.SQL - 
    create table book (
        id bigint generated by default as identity,
        author varchar(255),
        title varchar(255),
        primary key (id)
    )
2026-07-16 23:26:14.654 [main] INFO  o.s.orm.jpa.LocalContainerEntityManagerFactoryBean - Initialized JPA EntityManagerFactory for persistence unit 'default'
2026-07-16 23:26:14.743 [main] INFO  o.s.d.jpa.repository.query.QueryEnhancerFactories - Hibernate is in classpath; If applicable, HQL parser will be used.
2026-07-16 23:26:14.897 [main] WARN  o.s.b.j.a.JpaBaseConfiguration$JpaWebConfiguration - spring.jpa.open-in-view is enabled by default. Therefore, database queries may be performed during view rendering. Explicitly configure spring.jpa.open-in-view to disable this warning
2026-07-16 23:26:15.206 [main] INFO  o.s.b.h.autoconfigure.H2ConsoleAutoConfiguration - H2 console available at '/h2-console'. Database available at 'jdbc:h2:mem:bookdb'
2026-07-16 23:26:15.255 [main] INFO  org.springframework.boot.tomcat.TomcatWebServer - Tomcat started on port 8080 (http) with context path '/'
2026-07-16 23:26:15.261 [main] INFO  com.library.book_manager.BookManagerApplication - Started BookManagerApplication in 4.702 seconds (process running for 5.379)
2026-07-16 23:26:44.778 [SpringApplicationShutdownHook] INFO  org.springframework.boot.tomcat.GracefulShutdown - Commencing graceful shutdown. Waiting for active requests to complete
2026-07-16 23:26:44.796 [tomcat-shutdown] INFO  org.springframework.boot.tomcat.GracefulShutdown - Graceful shutdown complete
2026-07-16 23:26:44.798 [SpringApplicationShutdownHook] INFO  o.s.orm.jpa.LocalContainerEntityManagerFactoryBean - Closing JPA EntityManagerFactory for persistence unit 'default'
2026-07-16 23:26:44.800 [SpringApplicationShutdownHook] INFO  com.zaxxer.hikari.HikariDataSource - HikariPool-1 - Shutdown initiated...
2026-07-16 23:26:44.803 [SpringApplicationShutdownHook] INFO  com.zaxxer.hikari.HikariDataSource - HikariPool-1 - Shutdown completed.
2026-07-16T23:26:47.356+05:30  INFO 4112 --- [book-manager] [main] c.l.book_manager.BookManagerApplication  : Starting BookManagerApplication using Java 17.0.14 with PID 4112 (F:\Java Full Stack  projects\Spring Boot projects\book-manager\book-manager\target\classes started by VIKASH in F:\Java Full Stack  projects\Spring Boot projects\book-manager\book-manager)
2026-07-16T23:26:47.360+05:30  INFO 4112 --- [book-manager] [main] c.l.book_manager.BookManagerApplication  : No active profile set, falling back to 1 default profile: "default"
2026-07-16T23:26:47.993+05:30  INFO 4112 --- [book-manager] [main] .s.d.r.c.RepositoryConfigurationDelegate : Bootstrapping Spring Data JPA repositories in DEFAULT mode.
2026-07-16T23:26:48.055+05:30  INFO 4112 --- [book-manager] [main] .s.d.r.c.RepositoryConfigurationDelegate : Finished Spring Data repository scanning in 52 ms. Found 1 JPA repository interface.
2026-07-16T23:26:48.602+05:30  INFO 4112 --- [book-manager] [main] o.s.boot.tomcat.TomcatWebServer          : Tomcat initialized with port 8080 (http)
2026-07-16T23:26:48.616+05:30  INFO 4112 --- [book-manager] [main] o.apache.catalina.core.StandardService   : Starting service [Tomcat]
2026-07-16T23:26:48.616+05:30  INFO 4112 --- [book-manager] [main] o.apache.catalina.core.StandardEngine    : Starting Servlet engine: [Apache Tomcat/11.0.22]
2026-07-16T23:26:48.677+05:30  INFO 4112 --- [book-manager] [main] b.w.c.s.WebApplicationContextInitializer : Root WebApplicationContext: initialization completed in 1254 ms
2026-07-16T23:26:48.880+05:30  INFO 4112 --- [book-manager] [main] org.hibernate.orm.jpa                    : HHH008540: Processing PersistenceUnitInfo [name: default]
2026-07-16T23:26:48.937+05:30  INFO 4112 --- [book-manager] [main] org.hibernate.orm.core                   : HHH000001: Hibernate ORM core version 7.4.1.Final
2026-07-16T23:26:49.366+05:30  INFO 4112 --- [book-manager] [main] o.s.o.j.p.SpringPersistenceUnitInfo      : No LoadTimeWeaver setup: ignoring JPA class transformer
2026-07-16T23:26:49.401+05:30  INFO 4112 --- [book-manager] [main] com.zaxxer.hikari.HikariDataSource       : HikariPool-1 - Starting...
2026-07-16T23:26:49.544+05:30  INFO 4112 --- [book-manager] [main] com.zaxxer.hikari.pool.HikariPool        : HikariPool-1 - Added connection conn0: url=jdbc:h2:mem:bookdb user=SA
2026-07-16T23:26:49.547+05:30  INFO 4112 --- [book-manager] [main] com.zaxxer.hikari.HikariDataSource       : HikariPool-1 - Start completed.
2026-07-16T23:26:49.613+05:30  INFO 4112 --- [book-manager] [main] org.hibernate.orm.connections.pooling    : HHH10001005: Database info:
	Database JDBC URL [jdbc:h2:mem:bookdb]
	Database driver: H2 JDBC Driver
	Database dialect: H2Dialect
	Database version: 2.4.240
	Default catalog/schema: BOOKDB/PUBLIC
	Autocommit mode: undefined/unknown
	Isolation level: READ_COMMITTED [default READ_COMMITTED]
	JDBC fetch size: 100
	Pool: DataSourceConnectionProvider
	Minimum pool size: undefined/unknown
	Maximum pool size: undefined/unknown
2026-07-16T23:26:50.292+05:30  INFO 4112 --- [book-manager] [main] org.hibernate.orm.core                   : HHH000489: No JTA platform available (set 'hibernate.transaction.jta.platform' to enable JTA platform integration)
2026-07-16T23:26:50.340+05:30 DEBUG 4112 --- [book-manager] [main] org.hibernate.SQL                        : 
    create table book (
        id bigint generated by default as identity,
        author varchar(255),
        title varchar(255),
        primary key (id)
    )
2026-07-16T23:26:50.350+05:30  INFO 4112 --- [book-manager] [main] j.LocalContainerEntityManagerFactoryBean : Initialized JPA EntityManagerFactory for persistence unit 'default'
2026-07-16T23:26:50.432+05:30  INFO 4112 --- [book-manager] [main] o.s.d.j.r.query.QueryEnhancerFactories   : Hibernate is in classpath; If applicable, HQL parser will be used.
2026-07-16T23:26:50.580+05:30  WARN 4112 --- [book-manager] [main] JpaBaseConfiguration$JpaWebConfiguration : spring.jpa.open-in-view is enabled by default. Therefore, database queries may be performed during view rendering. Explicitly configure spring.jpa.open-in-view to disable this warning
2026-07-16T23:26:50.910+05:30  INFO 4112 --- [book-manager] [main] o.s.b.h.a.H2ConsoleAutoConfiguration     : H2 console available at '/h2-console'. Database available at 'jdbc:h2:mem:bookdb'
2026-07-16T23:26:50.965+05:30  INFO 4112 --- [book-manager] [main] o.s.boot.tomcat.TomcatWebServer          : Tomcat started on port 8080 (http) with context path '/'
2026-07-16T23:26:50.973+05:30  INFO 4112 --- [book-manager] [main] c.l.book_manager.BookManagerApplication  : Started BookManagerApplication in 4.175 seconds (process running for 4.655)
2026-07-16T23:27:14.924+05:30  INFO 4112 --- [book-manager] [SpringApplicationShutdownHook] o.s.boot.tomcat.GracefulShutdown         : Commencing graceful shutdown. Waiting for active requests to complete
2026-07-16T23:27:14.944+05:30  INFO 4112 --- [book-manager] [tomcat-shutdown] o.s.boot.tomcat.GracefulShutdown         : Graceful shutdown complete
2026-07-16T23:27:14.948+05:30  INFO 4112 --- [book-manager] [SpringApplicationShutdownHook] j.LocalContainerEntityManagerFactoryBean : Closing JPA EntityManagerFactory for persistence unit 'default'
2026-07-16T23:27:14.949+05:30  INFO 4112 --- [book-manager] [SpringApplicationShutdownHook] com.zaxxer.hikari.HikariDataSource       : HikariPool-1 - Shutdown initiated...
2026-07-16T23:27:14.952+05:30  INFO 4112 --- [book-manager] [SpringApplicationShutdownHook] com.zaxxer.hikari.HikariDataSource       : HikariPool-1 - Shutdown completed.
2026-07-16T23:40:47.367+05:30  INFO 1580 --- [book-manager] [main] c.l.book_manager.BookManagerApplication  : Starting BookManagerApplication using Java 17.0.14 with PID 1580 (F:\Java Full Stack  projects\Spring Boot projects\book-manager\book-manager\target\classes started by VIKASH in F:\Java Full Stack  projects\Spring Boot projects\book-manager\book-manager)
2026-07-16T23:40:47.372+05:30  INFO 1580 --- [book-manager] [main] c.l.book_manager.BookManagerApplication  : No active profile set, falling back to 1 default profile: "default"
2026-07-16T23:40:48.034+05:30  INFO 1580 --- [book-manager] [main] .s.d.r.c.RepositoryConfigurationDelegate : Bootstrapping Spring Data JPA repositories in DEFAULT mode.
2026-07-16T23:40:48.102+05:30  INFO 1580 --- [book-manager] [main] .s.d.r.c.RepositoryConfigurationDelegate : Finished Spring Data repository scanning in 53 ms. Found 1 JPA repository interface.
2026-07-16T23:40:48.628+05:30  INFO 1580 --- [book-manager] [main] o.s.boot.tomcat.TomcatWebServer          : Tomcat initialized with port 8080 (http)
2026-07-16T23:40:48.644+05:30  INFO 1580 --- [book-manager] [main] o.apache.catalina.core.StandardService   : Starting service [Tomcat]
2026-07-16T23:40:48.645+05:30  INFO 1580 --- [book-manager] [main] o.apache.catalina.core.StandardEngine    : Starting Servlet engine: [Apache Tomcat/11.0.22]
2026-07-16T23:40:48.700+05:30  INFO 1580 --- [book-manager] [main] b.w.c.s.WebApplicationContextInitializer : Root WebApplicationContext: initialization completed in 1261 ms
2026-07-16T23:40:48.932+05:30  INFO 1580 --- [book-manager] [main] org.hibernate.orm.jpa                    : HHH008540: Processing PersistenceUnitInfo [name: default]
2026-07-16T23:40:49.015+05:30  INFO 1580 --- [book-manager] [main] org.hibernate.orm.core                   : HHH000001: Hibernate ORM core version 7.4.1.Final
2026-07-16T23:40:49.576+05:30  INFO 1580 --- [book-manager] [main] o.s.o.j.p.SpringPersistenceUnitInfo      : No LoadTimeWeaver setup: ignoring JPA class transformer
2026-07-16T23:40:49.624+05:30  INFO 1580 --- [book-manager] [main] com.zaxxer.hikari.HikariDataSource       : HikariPool-1 - Starting...
2026-07-16T23:40:49.813+05:30  INFO 1580 --- [book-manager] [main] com.zaxxer.hikari.pool.HikariPool        : HikariPool-1 - Added connection conn0: url=jdbc:h2:mem:bookdb user=SA
2026-07-16T23:40:49.814+05:30  INFO 1580 --- [book-manager] [main] com.zaxxer.hikari.HikariDataSource       : HikariPool-1 - Start completed.
2026-07-16T23:40:49.881+05:30  INFO 1580 --- [book-manager] [main] org.hibernate.orm.connections.pooling    : HHH10001005: Database info:
	Database JDBC URL [jdbc:h2:mem:bookdb]
	Database driver: H2 JDBC Driver
	Database dialect: H2Dialect
	Database version: 2.4.240
	Default catalog/schema: BOOKDB/PUBLIC
	Autocommit mode: undefined/unknown
	Isolation level: READ_COMMITTED [default READ_COMMITTED]
	JDBC fetch size: 100
	Pool: DataSourceConnectionProvider
	Minimum pool size: undefined/unknown
	Maximum pool size: undefined/unknown
2026-07-16T23:40:50.719+05:30  INFO 1580 --- [book-manager] [main] org.hibernate.orm.core                   : HHH000489: No JTA platform available (set 'hibernate.transaction.jta.platform' to enable JTA platform integration)
2026-07-16T23:40:50.774+05:30 DEBUG 1580 --- [book-manager] [main] org.hibernate.SQL                        : 
    create table book (
        id bigint generated by default as identity,
        author varchar(255),
        title varchar(255),
        primary key (id)
    )
2026-07-16T23:40:50.783+05:30  INFO 1580 --- [book-manager] [main] j.LocalContainerEntityManagerFactoryBean : Initialized JPA EntityManagerFactory for persistence unit 'default'
2026-07-16T23:40:50.881+05:30  INFO 1580 --- [book-manager] [main] o.s.d.j.r.query.QueryEnhancerFactories   : Hibernate is in classpath; If applicable, HQL parser will be used.
2026-07-16T23:40:51.053+05:30  WARN 1580 --- [book-manager] [main] JpaBaseConfiguration$JpaWebConfiguration : spring.jpa.open-in-view is enabled by default. Therefore, database queries may be performed during view rendering. Explicitly configure spring.jpa.open-in-view to disable this warning
2026-07-16T23:40:51.395+05:30  INFO 1580 --- [book-manager] [main] o.s.b.h.a.H2ConsoleAutoConfiguration     : H2 console available at '/h2-console'. Database available at 'jdbc:h2:mem:bookdb'
2026-07-16T23:40:51.452+05:30  INFO 1580 --- [book-manager] [main] o.s.boot.tomcat.TomcatWebServer          : Tomcat started on port 8080 (http) with context path '/'
2026-07-16T23:40:51.459+05:30  INFO 1580 --- [book-manager] [main] c.l.book_manager.BookManagerApplication  : Started BookManagerApplication in 4.694 seconds (process running for 5.297)
2026-07-16T23:44:01.745+05:30  INFO 1580 --- [book-manager] [SpringApplicationShutdownHook] o.s.boot.tomcat.GracefulShutdown         : Commencing graceful shutdown. Waiting for active requests to complete
2026-07-16T23:44:01.767+05:30  INFO 1580 --- [book-manager] [tomcat-shutdown] o.s.boot.tomcat.GracefulShutdown         : Graceful shutdown complete
2026-07-16T23:44:01.770+05:30  INFO 1580 --- [book-manager] [SpringApplicationShutdownHook] j.LocalContainerEntityManagerFactoryBean : Closing JPA EntityManagerFactory for persistence unit 'default'
2026-07-16T23:44:01.773+05:30  INFO 1580 --- [book-manager] [SpringApplicationShutdownHook] com.zaxxer.hikari.HikariDataSource       : HikariPool-1 - Shutdown initiated...
2026-07-16T23:44:01.775+05:30  INFO 1580 --- [book-manager] [SpringApplicationShutdownHook] com.zaxxer.hikari.HikariDataSource       : HikariPool-1 - Shutdown completed.
2026-07-16T23:44:05.791+05:30  INFO 18884 --- [book-manager] [main] c.l.book_manager.BookManagerApplication  : Starting BookManagerApplication using Java 17.0.14 with PID 18884 (F:\Java Full Stack  projects\Spring Boot projects\book-manager\book-manager\target\classes started by VIKASH in F:\Java Full Stack  projects\Spring Boot projects\book-manager\book-manager)
2026-07-16T23:44:05.797+05:30  INFO 18884 --- [book-manager] [main] c.l.book_manager.BookManagerApplication  : No active profile set, falling back to 1 default profile: "default"
2026-07-16T23:44:06.483+05:30  INFO 18884 --- [book-manager] [main] .s.d.r.c.RepositoryConfigurationDelegate : Bootstrapping Spring Data JPA repositories in DEFAULT mode.
2026-07-16T23:44:06.544+05:30  INFO 18884 --- [book-manager] [main] .s.d.r.c.RepositoryConfigurationDelegate : Finished Spring Data repository scanning in 48 ms. Found 1 JPA repository interface.
2026-07-16T23:44:07.020+05:30  INFO 18884 --- [book-manager] [main] o.s.boot.tomcat.TomcatWebServer          : Tomcat initialized with port 8080 (http)
2026-07-16T23:44:07.033+05:30  INFO 18884 --- [book-manager] [main] o.apache.catalina.core.StandardService   : Starting service [Tomcat]
2026-07-16T23:44:07.033+05:30  INFO 18884 --- [book-manager] [main] o.apache.catalina.core.StandardEngine    : Starting Servlet engine: [Apache Tomcat/11.0.22]
2026-07-16T23:44:07.087+05:30  INFO 18884 --- [book-manager] [main] b.w.c.s.WebApplicationContextInitializer : Root WebApplicationContext: initialization completed in 1224 ms
2026-07-16T23:44:07.289+05:30  INFO 18884 --- [book-manager] [main] org.hibernate.orm.jpa                    : HHH008540: Processing PersistenceUnitInfo [name: default]
2026-07-16T23:44:07.347+05:30  INFO 18884 --- [book-manager] [main] org.hibernate.orm.core                   : HHH000001: Hibernate ORM core version 7.4.1.Final
2026-07-16T23:44:07.762+05:30  INFO 18884 --- [book-manager] [main] o.s.o.j.p.SpringPersistenceUnitInfo      : No LoadTimeWeaver setup: ignoring JPA class transformer
2026-07-16T23:44:07.796+05:30  INFO 18884 --- [book-manager] [main] com.zaxxer.hikari.HikariDataSource       : HikariPool-1 - Starting...
2026-07-16T23:44:07.923+05:30  INFO 18884 --- [book-manager] [main] com.zaxxer.hikari.pool.HikariPool        : HikariPool-1 - Added connection conn0: url=jdbc:h2:mem:bookdb user=SA
2026-07-16T23:44:07.925+05:30  INFO 18884 --- [book-manager] [main] com.zaxxer.hikari.HikariDataSource       : HikariPool-1 - Start completed.
2026-07-16T23:44:07.994+05:30  INFO 18884 --- [book-manager] [main] org.hibernate.orm.connections.pooling    : HHH10001005: Database info:
	Database JDBC URL [jdbc:h2:mem:bookdb]
	Database driver: H2 JDBC Driver
	Database dialect: H2Dialect
	Database version: 2.4.240
	Default catalog/schema: BOOKDB/PUBLIC
	Autocommit mode: undefined/unknown
	Isolation level: READ_COMMITTED [default READ_COMMITTED]
	JDBC fetch size: 100
	Pool: DataSourceConnectionProvider
	Minimum pool size: undefined/unknown
	Maximum pool size: undefined/unknown
2026-07-16T23:44:08.837+05:30  INFO 18884 --- [book-manager] [main] org.hibernate.orm.core                   : HHH000489: No JTA platform available (set 'hibernate.transaction.jta.platform' to enable JTA platform integration)
2026-07-16T23:44:08.889+05:30 DEBUG 18884 --- [book-manager] [main] org.hibernate.SQL                        : 
    create table book (
        id bigint generated by default as identity,
        author varchar(255),
        book_sold integer,
        title varchar(255),
        primary key (id)
    )
2026-07-16T23:44:08.897+05:30  INFO 18884 --- [book-manager] [main] j.LocalContainerEntityManagerFactoryBean : Initialized JPA EntityManagerFactory for persistence unit 'default'
2026-07-16T23:44:08.991+05:30  INFO 18884 --- [book-manager] [main] o.s.d.j.r.query.QueryEnhancerFactories   : Hibernate is in classpath; If applicable, HQL parser will be used.
2026-07-16T23:44:09.164+05:30  WARN 18884 --- [book-manager] [main] JpaBaseConfiguration$JpaWebConfiguration : spring.jpa.open-in-view is enabled by default. Therefore, database queries may be performed during view rendering. Explicitly configure spring.jpa.open-in-view to disable this warning
2026-07-16T23:44:09.532+05:30  INFO 18884 --- [book-manager] [main] o.s.b.h.a.H2ConsoleAutoConfiguration     : H2 console available at '/h2-console'. Database available at 'jdbc:h2:mem:bookdb'
2026-07-16T23:44:09.590+05:30  INFO 18884 --- [book-manager] [main] o.s.boot.tomcat.TomcatWebServer          : Tomcat started on port 8080 (http) with context path '/'
2026-07-16T23:44:09.596+05:30  INFO 18884 --- [book-manager] [main] c.l.book_manager.BookManagerApplication  : Started BookManagerApplication in 4.328 seconds (process running for 4.735)
2026-07-16T23:45:00.544+05:30  INFO 18884 --- [book-manager] [http-nio-8080-exec-2] o.a.c.c.C.[Tomcat].[localhost].[/]       : Initializing Spring DispatcherServlet 'dispatcherServlet'
2026-07-16T23:45:00.774+05:30 DEBUG 18884 --- [book-manager] [http-nio-8080-exec-2] org.hibernate.SQL                        : 
    insert 
    into
        book
        (author, book_sold, title, id) 
    values
        (?, ?, ?, default)
2026-07-16T23:45:08.864+05:30 DEBUG 18884 --- [book-manager] [http-nio-8080-exec-3] org.hibernate.SQL                        : 
    insert 
    into
        book
        (author, book_sold, title, id) 
    values
        (?, ?, ?, default)
2026-07-16T23:45:13.368+05:30 DEBUG 18884 --- [book-manager] [http-nio-8080-exec-4] org.hibernate.SQL                        : 
    select
        b1_0.id,
        b1_0.author,
        b1_0.book_sold,
        b1_0.title 
    from
        book b1_0
2026-07-16T23:45:42.871+05:30 DEBUG 18884 --- [book-manager] [http-nio-8080-exec-6] org.hibernate.SQL                        : 
    select
        b1_0.id,
        b1_0.author,
        b1_0.book_sold,
        b1_0.title 
    from
        book b1_0 
    where
        b1_0.id=?
2026-07-16T23:45:53.521+05:30 DEBUG 18884 --- [book-manager] [http-nio-8080-exec-7] org.hibernate.SQL                        : 
    select
        b1_0.id,
        b1_0.author,
        b1_0.book_sold,
        b1_0.title 
    from
        book b1_0
2026-07-16T23:46:00.224+05:30 DEBUG 18884 --- [book-manager] [http-nio-8080-exec-5] org.hibernate.SQL                        : 
    select
        b1_0.id,
        b1_0.author,
        b1_0.book_sold,
        b1_0.title 
    from
        book b1_0 
    where
        b1_0.id=?
2026-07-16T23:46:07.812+05:30 DEBUG 18884 --- [book-manager] [http-nio-8080-exec-9] org.hibernate.SQL                        : 
    select
        b1_0.id,
        b1_0.author,
        b1_0.book_sold,
        b1_0.title 
    from
        book b1_0
2026-07-16T23:47:22.121+05:30 DEBUG 18884 --- [book-manager] [http-nio-8080-exec-1] org.hibernate.SQL                        : 
    select
        b1_0.id,
        b1_0.author,
        b1_0.book_sold,
        b1_0.title 
    from
        book b1_0 
    where
        b1_0.id=?
2026-07-16T23:49:28.153+05:30  INFO 18884 --- [book-manager] [SpringApplicationShutdownHook] o.s.boot.tomcat.GracefulShutdown         : Commencing graceful shutdown. Waiting for active requests to complete
2026-07-16T23:49:28.175+05:30  INFO 18884 --- [book-manager] [tomcat-shutdown] o.s.boot.tomcat.GracefulShutdown         : Graceful shutdown complete
2026-07-16T23:49:28.180+05:30  INFO 18884 --- [book-manager] [SpringApplicationShutdownHook] j.LocalContainerEntityManagerFactoryBean : Closing JPA EntityManagerFactory for persistence unit 'default'
2026-07-16T23:49:28.185+05:30  INFO 18884 --- [book-manager] [SpringApplicationShutdownHook] com.zaxxer.hikari.HikariDataSource       : HikariPool-1 - Shutdown initiated...
2026-07-16T23:49:28.190+05:30  INFO 18884 --- [book-manager] [SpringApplicationShutdownHook] com.zaxxer.hikari.HikariDataSource       : HikariPool-1 - Shutdown completed.
2026-07-16T23:49:30.467+05:30  INFO 10848 --- [book-manager] [main] c.l.book_manager.BookManagerApplication  : Starting BookManagerApplication using Java 17.0.14 with PID 10848 (F:\Java Full Stack  projects\Spring Boot projects\book-manager\book-manager\target\classes started by VIKASH in F:\Java Full Stack  projects\Spring Boot projects\book-manager\book-manager)
2026-07-16T23:49:30.478+05:30  INFO 10848 --- [book-manager] [main] c.l.book_manager.BookManagerApplication  : No active profile set, falling back to 1 default profile: "default"
2026-07-16T23:49:31.180+05:30  INFO 10848 --- [book-manager] [main] .s.d.r.c.RepositoryConfigurationDelegate : Bootstrapping Spring Data JPA repositories in DEFAULT mode.
2026-07-16T23:49:31.254+05:30  INFO 10848 --- [book-manager] [main] .s.d.r.c.RepositoryConfigurationDelegate : Finished Spring Data repository scanning in 63 ms. Found 1 JPA repository interface.
2026-07-16T23:49:31.892+05:30  INFO 10848 --- [book-manager] [main] o.s.boot.tomcat.TomcatWebServer          : Tomcat initialized with port 8080 (http)
2026-07-16T23:49:31.910+05:30  INFO 10848 --- [book-manager] [main] o.apache.catalina.core.StandardService   : Starting service [Tomcat]
2026-07-16T23:49:31.910+05:30  INFO 10848 --- [book-manager] [main] o.apache.catalina.core.StandardEngine    : Starting Servlet engine: [Apache Tomcat/11.0.22]
2026-07-16T23:49:31.983+05:30  INFO 10848 --- [book-manager] [main] b.w.c.s.WebApplicationContextInitializer : Root WebApplicationContext: initialization completed in 1443 ms
2026-07-16T23:49:32.212+05:30  INFO 10848 --- [book-manager] [main] org.hibernate.orm.jpa                    : HHH008540: Processing PersistenceUnitInfo [name: default]
2026-07-16T23:49:32.284+05:30  INFO 10848 --- [book-manager] [main] org.hibernate.orm.core                   : HHH000001: Hibernate ORM core version 7.4.1.Final
2026-07-16T23:49:32.816+05:30  INFO 10848 --- [book-manager] [main] o.s.o.j.p.SpringPersistenceUnitInfo      : No LoadTimeWeaver setup: ignoring JPA class transformer
2026-07-16T23:49:32.862+05:30  INFO 10848 --- [book-manager] [main] com.zaxxer.hikari.HikariDataSource       : HikariPool-1 - Starting...
2026-07-16T23:49:33.093+05:30  INFO 10848 --- [book-manager] [main] com.zaxxer.hikari.pool.HikariPool        : HikariPool-1 - Added connection conn0: url=jdbc:h2:mem:bookdb user=SA
2026-07-16T23:49:33.094+05:30  INFO 10848 --- [book-manager] [main] com.zaxxer.hikari.HikariDataSource       : HikariPool-1 - Start completed.
2026-07-16T23:49:33.169+05:30  INFO 10848 --- [book-manager] [main] org.hibernate.orm.connections.pooling    : HHH10001005: Database info:
	Database JDBC URL [jdbc:h2:mem:bookdb]
	Database driver: H2 JDBC Driver
	Database dialect: H2Dialect
	Database version: 2.4.240
	Default catalog/schema: BOOKDB/PUBLIC
	Autocommit mode: undefined/unknown
	Isolation level: READ_COMMITTED [default READ_COMMITTED]
	JDBC fetch size: 100
	Pool: DataSourceConnectionProvider
	Minimum pool size: undefined/unknown
	Maximum pool size: undefined/unknown
2026-07-16T23:49:34.155+05:30  INFO 10848 --- [book-manager] [main] org.hibernate.orm.core                   : HHH000489: No JTA platform available (set 'hibernate.transaction.jta.platform' to enable JTA platform integration)
2026-07-16T23:49:34.207+05:30 DEBUG 10848 --- [book-manager] [main] org.hibernate.SQL                        : 
    create table book (
        id bigint generated by default as identity,
        author varchar(255),
        book_sold integer,
        title varchar(255),
        primary key (id)
    )
2026-07-16T23:49:34.219+05:30  INFO 10848 --- [book-manager] [main] j.LocalContainerEntityManagerFactoryBean : Initialized JPA EntityManagerFactory for persistence unit 'default'
2026-07-16T23:49:34.307+05:30  INFO 10848 --- [book-manager] [main] o.s.d.j.r.query.QueryEnhancerFactories   : Hibernate is in classpath; If applicable, HQL parser will be used.
2026-07-16T23:49:34.460+05:30  WARN 10848 --- [book-manager] [main] JpaBaseConfiguration$JpaWebConfiguration : spring.jpa.open-in-view is enabled by default. Therefore, database queries may be performed during view rendering. Explicitly configure spring.jpa.open-in-view to disable this warning
2026-07-16T23:49:34.827+05:30  INFO 10848 --- [book-manager] [main] o.s.b.h.a.H2ConsoleAutoConfiguration     : H2 console available at '/h2-console'. Database available at 'jdbc:h2:mem:bookdb'
2026-07-16T23:49:34.880+05:30  INFO 10848 --- [book-manager] [main] o.s.boot.tomcat.TomcatWebServer          : Tomcat started on port 8080 (http) with context path '/'
2026-07-16T23:49:34.888+05:30  INFO 10848 --- [book-manager] [main] c.l.book_manager.BookManagerApplication  : Started BookManagerApplication in 4.984 seconds (process running for 5.488)
2026-07-16T23:50:01.984+05:30  INFO 10848 --- [book-manager] [http-nio-8080-exec-2] o.a.c.c.C.[Tomcat].[localhost].[/]       : Initializing Spring DispatcherServlet 'dispatcherServlet'
2026-07-16T23:50:02.195+05:30 DEBUG 10848 --- [book-manager] [http-nio-8080-exec-2] org.hibernate.SQL                        : 
    insert 
    into
        book
        (author, book_sold, title, id) 
    values
        (?, ?, ?, default)
2026-07-16T23:50:10.080+05:30 DEBUG 10848 --- [book-manager] [http-nio-8080-exec-4] org.hibernate.SQL                        : 
    select
        b1_0.id,
        b1_0.author,
        b1_0.book_sold,
        b1_0.title 
    from
        book b1_0 
    where
        b1_0.id=?
2026-07-16T23:50:15.867+05:30 DEBUG 10848 --- [book-manager] [http-nio-8080-exec-3] org.hibernate.SQL                        : 
    select
        b1_0.id,
        b1_0.author,
        b1_0.book_sold,
        b1_0.title 
    from
        book b1_0
2026-07-16T23:52:22.045+05:30  INFO 10848 --- [book-manager] [SpringApplicationShutdownHook] o.s.boot.tomcat.GracefulShutdown         : Commencing graceful shutdown. Waiting for active requests to complete
2026-07-16T23:52:22.061+05:30  INFO 10848 --- [book-manager] [tomcat-shutdown] o.s.boot.tomcat.GracefulShutdown         : Graceful shutdown complete
2026-07-16T23:52:22.063+05:30  INFO 10848 --- [book-manager] [SpringApplicationShutdownHook] j.LocalContainerEntityManagerFactoryBean : Closing JPA EntityManagerFactory for persistence unit 'default'
2026-07-16T23:52:22.065+05:30  INFO 10848 --- [book-manager] [SpringApplicationShutdownHook] com.zaxxer.hikari.HikariDataSource       : HikariPool-1 - Shutdown initiated...
2026-07-16T23:52:22.069+05:30  INFO 10848 --- [book-manager] [SpringApplicationShutdownHook] com.zaxxer.hikari.HikariDataSource       : HikariPool-1 - Shutdown completed.
2026-07-16T23:52:25.543+05:30  INFO 23952 --- [book-manager] [main] c.l.book_manager.BookManagerApplication  : Starting BookManagerApplication using Java 17.0.14 with PID 23952 (F:\Java Full Stack  projects\Spring Boot projects\book-manager\book-manager\target\classes started by VIKASH in F:\Java Full Stack  projects\Spring Boot projects\book-manager\book-manager)
2026-07-16T23:52:25.555+05:30  INFO 23952 --- [book-manager] [main] c.l.book_manager.BookManagerApplication  : No active profile set, falling back to 1 default profile: "default"
2026-07-16T23:52:26.184+05:30  INFO 23952 --- [book-manager] [main] .s.d.r.c.RepositoryConfigurationDelegate : Bootstrapping Spring Data JPA repositories in DEFAULT mode.
2026-07-16T23:52:26.245+05:30  INFO 23952 --- [book-manager] [main] .s.d.r.c.RepositoryConfigurationDelegate : Finished Spring Data repository scanning in 51 ms. Found 1 JPA repository interface.
2026-07-16T23:52:26.783+05:30  INFO 23952 --- [book-manager] [main] o.s.boot.tomcat.TomcatWebServer          : Tomcat initialized with port 8080 (http)
2026-07-16T23:52:26.802+05:30  INFO 23952 --- [book-manager] [main] o.apache.catalina.core.StandardService   : Starting service [Tomcat]
2026-07-16T23:52:26.802+05:30  INFO 23952 --- [book-manager] [main] o.apache.catalina.core.StandardEngine    : Starting Servlet engine: [Apache Tomcat/11.0.22]
2026-07-16T23:52:26.869+05:30  INFO 23952 --- [book-manager] [main] b.w.c.s.WebApplicationContextInitializer : Root WebApplicationContext: initialization completed in 1252 ms
2026-07-16T23:52:27.099+05:30  INFO 23952 --- [book-manager] [main] org.hibernate.orm.jpa                    : HHH008540: Processing PersistenceUnitInfo [name: default]
2026-07-16T23:52:27.175+05:30  INFO 23952 --- [book-manager] [main] org.hibernate.orm.core                   : HHH000001: Hibernate ORM core version 7.4.1.Final
2026-07-16T23:52:27.637+05:30  INFO 23952 --- [book-manager] [main] o.s.o.j.p.SpringPersistenceUnitInfo      : No LoadTimeWeaver setup: ignoring JPA class transformer
2026-07-16T23:52:27.681+05:30  INFO 23952 --- [book-manager] [main] com.zaxxer.hikari.HikariDataSource       : HikariPool-1 - Starting...
2026-07-16T23:52:27.848+05:30  INFO 23952 --- [book-manager] [main] com.zaxxer.hikari.pool.HikariPool        : HikariPool-1 - Added connection conn0: url=jdbc:h2:mem:bookdb user=SA
2026-07-16T23:52:27.850+05:30  INFO 23952 --- [book-manager] [main] com.zaxxer.hikari.HikariDataSource       : HikariPool-1 - Start completed.
2026-07-16T23:52:27.924+05:30  INFO 23952 --- [book-manager] [main] org.hibernate.orm.connections.pooling    : HHH10001005: Database info:
	Database JDBC URL [jdbc:h2:mem:bookdb]
	Database driver: H2 JDBC Driver
	Database dialect: H2Dialect
	Database version: 2.4.240
	Default catalog/schema: BOOKDB/PUBLIC
	Autocommit mode: undefined/unknown
	Isolation level: READ_COMMITTED [default READ_COMMITTED]
	JDBC fetch size: 100
	Pool: DataSourceConnectionProvider
	Minimum pool size: undefined/unknown
	Maximum pool size: undefined/unknown
2026-07-16T23:52:28.849+05:30  INFO 23952 --- [book-manager] [main] org.hibernate.orm.core                   : HHH000489: No JTA platform available (set 'hibernate.transaction.jta.platform' to enable JTA platform integration)
2026-07-16T23:52:28.907+05:30 DEBUG 23952 --- [book-manager] [main] org.hibernate.SQL                        : 
    create table book (
        id bigint generated by default as identity,
        author varchar(255),
        book_sold integer,
        title varchar(255),
        primary key (id)
    )
2026-07-16T23:52:28.915+05:30  INFO 23952 --- [book-manager] [main] j.LocalContainerEntityManagerFactoryBean : Initialized JPA EntityManagerFactory for persistence unit 'default'
2026-07-16T23:52:29.018+05:30  INFO 23952 --- [book-manager] [main] o.s.d.j.r.query.QueryEnhancerFactories   : Hibernate is in classpath; If applicable, HQL parser will be used.
2026-07-16T23:52:29.167+05:30  WARN 23952 --- [book-manager] [main] JpaBaseConfiguration$JpaWebConfiguration : spring.jpa.open-in-view is enabled by default. Therefore, database queries may be performed during view rendering. Explicitly configure spring.jpa.open-in-view to disable this warning
2026-07-16T23:52:29.541+05:30  INFO 23952 --- [book-manager] [main] o.s.b.h.a.H2ConsoleAutoConfiguration     : H2 console available at '/h2-console'. Database available at 'jdbc:h2:mem:bookdb'
2026-07-16T23:52:29.609+05:30  INFO 23952 --- [book-manager] [main] o.s.boot.tomcat.TomcatWebServer          : Tomcat started on port 8080 (http) with context path '/'
2026-07-16T23:52:29.618+05:30  INFO 23952 --- [book-manager] [main] c.l.book_manager.BookManagerApplication  : Started BookManagerApplication in 4.617 seconds (process running for 5.049)
2026-07-16T23:52:36.754+05:30  INFO 23952 --- [book-manager] [http-nio-8080-exec-2] o.a.c.c.C.[Tomcat].[localhost].[/]       : Initializing Spring DispatcherServlet 'dispatcherServlet'
2026-07-16T23:52:36.952+05:30 DEBUG 23952 --- [book-manager] [http-nio-8080-exec-2] org.hibernate.SQL                        : 
    insert 
    into
        book
        (author, book_sold, title, id) 
    values
        (?, ?, ?, default)
2026-07-16T23:52:43.441+05:30 DEBUG 23952 --- [book-manager] [http-nio-8080-exec-3] org.hibernate.SQL                        : 
    select
        b1_0.id,
        b1_0.author,
        b1_0.book_sold,
        b1_0.title 
    from
        book b1_0
2026-07-16T23:52:52.083+05:30 DEBUG 23952 --- [book-manager] [http-nio-8080-exec-4] org.hibernate.SQL                        : 
    select
        b1_0.id,
        b1_0.author,
        b1_0.book_sold,
        b1_0.title 
    from
        book b1_0 
    where
        b1_0.id=?
2026-07-16T23:52:56.907+05:30 DEBUG 23952 --- [book-manager] [http-nio-8080-exec-6] org.hibernate.SQL                        : 
    select
        b1_0.id,
        b1_0.author,
        b1_0.book_sold,
        b1_0.title 
    from
        book b1_0 
    where
        b1_0.id=?
2026-07-16T23:52:56.930+05:30 DEBUG 23952 --- [book-manager] [http-nio-8080-exec-6] org.hibernate.SQL                        : 
    update
        book 
    set
        author=?,
        book_sold=?,
        title=? 
    where
        id=?
2026-07-16T23:53:27.815+05:30 DEBUG 23952 --- [book-manager] [http-nio-8080-exec-5] org.hibernate.SQL                        : 
    select
        b1_0.id,
        b1_0.author,
        b1_0.book_sold,
        b1_0.title 
    from
        book b1_0 
    where
        b1_0.id=?
2026-07-16T23:53:31.348+05:30 DEBUG 23952 --- [book-manager] [http-nio-8080-exec-7] org.hibernate.SQL                        : 
    select
        b1_0.id,
        b1_0.author,
        b1_0.book_sold,
        b1_0.title 
    from
        book b1_0 
    where
        b1_0.id=?
2026-07-16T23:53:33.281+05:30 DEBUG 23952 --- [book-manager] [http-nio-8080-exec-8] org.hibernate.SQL                        : 
    select
        b1_0.id,
        b1_0.author,
        b1_0.book_sold,
        b1_0.title 
    from
        book b1_0 
    where
        b1_0.id=?
2026-07-16T23:53:57.869+05:30  INFO 23952 --- [book-manager] [SpringApplicationShutdownHook] o.s.boot.tomcat.GracefulShutdown         : Commencing graceful shutdown. Waiting for active requests to complete
2026-07-16T23:53:57.887+05:30  INFO 23952 --- [book-manager] [tomcat-shutdown] o.s.boot.tomcat.GracefulShutdown         : Graceful shutdown complete
2026-07-16T23:53:57.890+05:30  INFO 23952 --- [book-manager] [SpringApplicationShutdownHook] j.LocalContainerEntityManagerFactoryBean : Closing JPA EntityManagerFactory for persistence unit 'default'
2026-07-16T23:53:57.893+05:30  INFO 23952 --- [book-manager] [SpringApplicationShutdownHook] com.zaxxer.hikari.HikariDataSource       : HikariPool-1 - Shutdown initiated...
2026-07-16T23:53:57.896+05:30  INFO 23952 --- [book-manager] [SpringApplicationShutdownHook] com.zaxxer.hikari.HikariDataSource       : HikariPool-1 - Shutdown completed.
2026-07-16T23:54:01.016+05:30  INFO 13388 --- [book-manager] [main] c.l.book_manager.BookManagerApplication  : Starting BookManagerApplication using Java 17.0.14 with PID 13388 (F:\Java Full Stack  projects\Spring Boot projects\book-manager\book-manager\target\classes started by VIKASH in F:\Java Full Stack  projects\Spring Boot projects\book-manager\book-manager)
2026-07-16T23:54:01.020+05:30  INFO 13388 --- [book-manager] [main] c.l.book_manager.BookManagerApplication  : No active profile set, falling back to 1 default profile: "default"
2026-07-16T23:54:01.632+05:30  INFO 13388 --- [book-manager] [main] .s.d.r.c.RepositoryConfigurationDelegate : Bootstrapping Spring Data JPA repositories in DEFAULT mode.
2026-07-16T23:54:01.693+05:30  INFO 13388 --- [book-manager] [main] .s.d.r.c.RepositoryConfigurationDelegate : Finished Spring Data repository scanning in 51 ms. Found 1 JPA repository interface.
2026-07-16T23:54:02.200+05:30  INFO 13388 --- [book-manager] [main] o.s.boot.tomcat.TomcatWebServer          : Tomcat initialized with port 8080 (http)
2026-07-16T23:54:02.216+05:30  INFO 13388 --- [book-manager] [main] o.apache.catalina.core.StandardService   : Starting service [Tomcat]
2026-07-16T23:54:02.217+05:30  INFO 13388 --- [book-manager] [main] o.apache.catalina.core.StandardEngine    : Starting Servlet engine: [Apache Tomcat/11.0.22]
2026-07-16T23:54:02.278+05:30  INFO 13388 --- [book-manager] [main] b.w.c.s.WebApplicationContextInitializer : Root WebApplicationContext: initialization completed in 1198 ms
2026-07-16T23:54:02.487+05:30  INFO 13388 --- [book-manager] [main] org.hibernate.orm.jpa                    : HHH008540: Processing PersistenceUnitInfo [name: default]
2026-07-16T23:54:02.537+05:30  INFO 13388 --- [book-manager] [main] org.hibernate.orm.core                   : HHH000001: Hibernate ORM core version 7.4.1.Final
2026-07-16T23:54:02.991+05:30  INFO 13388 --- [book-manager] [main] o.s.o.j.p.SpringPersistenceUnitInfo      : No LoadTimeWeaver setup: ignoring JPA class transformer
2026-07-16T23:54:03.026+05:30  INFO 13388 --- [book-manager] [main] com.zaxxer.hikari.HikariDataSource       : HikariPool-1 - Starting...
2026-07-16T23:54:03.168+05:30  INFO 13388 --- [book-manager] [main] com.zaxxer.hikari.pool.HikariPool        : HikariPool-1 - Added connection conn0: url=jdbc:h2:mem:bookdb user=SA
2026-07-16T23:54:03.170+05:30  INFO 13388 --- [book-manager] [main] com.zaxxer.hikari.HikariDataSource       : HikariPool-1 - Start completed.
2026-07-16T23:54:03.232+05:30  INFO 13388 --- [book-manager] [main] org.hibernate.orm.connections.pooling    : HHH10001005: Database info:
	Database JDBC URL [jdbc:h2:mem:bookdb]
	Database driver: H2 JDBC Driver
	Database dialect: H2Dialect
	Database version: 2.4.240
	Default catalog/schema: BOOKDB/PUBLIC
	Autocommit mode: undefined/unknown
	Isolation level: READ_COMMITTED [default READ_COMMITTED]
	JDBC fetch size: 100
	Pool: DataSourceConnectionProvider
	Minimum pool size: undefined/unknown
	Maximum pool size: undefined/unknown
2026-07-16T23:54:03.953+05:30  INFO 13388 --- [book-manager] [main] org.hibernate.orm.core                   : HHH000489: No JTA platform available (set 'hibernate.transaction.jta.platform' to enable JTA platform integration)
2026-07-16T23:54:03.998+05:30 DEBUG 13388 --- [book-manager] [main] org.hibernate.SQL                        : 
    create table book (
        id bigint generated by default as identity,
        author varchar(255),
        book_sold integer,
        title varchar(255),
        primary key (id)
    )
2026-07-16T23:54:04.008+05:30  INFO 13388 --- [book-manager] [main] j.LocalContainerEntityManagerFactoryBean : Initialized JPA EntityManagerFactory for persistence unit 'default'
2026-07-16T23:54:04.082+05:30  INFO 13388 --- [book-manager] [main] o.s.d.j.r.query.QueryEnhancerFactories   : Hibernate is in classpath; If applicable, HQL parser will be used.
2026-07-16T23:54:04.197+05:30  WARN 13388 --- [book-manager] [main] JpaBaseConfiguration$JpaWebConfiguration : spring.jpa.open-in-view is enabled by default. Therefore, database queries may be performed during view rendering. Explicitly configure spring.jpa.open-in-view to disable this warning
2026-07-16T23:54:04.476+05:30  INFO 13388 --- [book-manager] [main] o.s.b.h.a.H2ConsoleAutoConfiguration     : H2 console available at '/h2-console'. Database available at 'jdbc:h2:mem:bookdb'
2026-07-16T23:54:04.528+05:30  INFO 13388 --- [book-manager] [main] o.s.boot.tomcat.TomcatWebServer          : Tomcat started on port 8080 (http) with context path '/'
2026-07-16T23:54:04.535+05:30  INFO 13388 --- [book-manager] [main] c.l.book_manager.BookManagerApplication  : Started BookManagerApplication in 4.008 seconds (process running for 4.417)
2026-07-16T23:54:17.644+05:30  INFO 13388 --- [book-manager] [http-nio-8080-exec-2] o.a.c.c.C.[Tomcat].[localhost].[/]       : Initializing Spring DispatcherServlet 'dispatcherServlet'
2026-07-16T23:54:17.847+05:30 DEBUG 13388 --- [book-manager] [http-nio-8080-exec-2] org.hibernate.SQL                        : 
    insert 
    into
        book
        (author, book_sold, title, id) 
    values
        (?, ?, ?, default)
2026-07-16T23:54:23.380+05:30 DEBUG 13388 --- [book-manager] [http-nio-8080-exec-3] org.hibernate.SQL                        : 
    select
        b1_0.id,
        b1_0.author,
        b1_0.book_sold,
        b1_0.title 
    from
        book b1_0 
    where
        b1_0.id=?
2026-07-16T23:54:23.396+05:30 DEBUG 13388 --- [book-manager] [http-nio-8080-exec-3] org.hibernate.SQL                        : 
    update
        book 
    set
        author=?,
        book_sold=?,
        title=? 
    where
        id=?
2026-07-16T23:54:34.965+05:30  INFO 13388 --- [book-manager] [SpringApplicationShutdownHook] o.s.boot.tomcat.GracefulShutdown         : Commencing graceful shutdown. Waiting for active requests to complete
2026-07-16T23:54:34.987+05:30  INFO 13388 --- [book-manager] [tomcat-shutdown] o.s.boot.tomcat.GracefulShutdown         : Graceful shutdown complete
2026-07-16T23:54:34.991+05:30  INFO 13388 --- [book-manager] [SpringApplicationShutdownHook] j.LocalContainerEntityManagerFactoryBean : Closing JPA EntityManagerFactory for persistence unit 'default'
2026-07-16T23:54:34.994+05:30  INFO 13388 --- [book-manager] [SpringApplicationShutdownHook] com.zaxxer.hikari.HikariDataSource       : HikariPool-1 - Shutdown initiated...
2026-07-16T23:54:34.997+05:30  INFO 13388 --- [book-manager] [SpringApplicationShutdownHook] com.zaxxer.hikari.HikariDataSource       : HikariPool-1 - Shutdown completed.
